15:15:04.544 [print] mutation createUser(
    $name: String!
    $username: String!
    $email: String!
    $street: String
    $city: String
    $zipcode: String
    $phone: String
    $website: String
    $companyName: String!

){
    createUser(
        input:{
            name: $name
            username: $username
            email: $email
            address: {
                street: $street
                city: $city
                zipcode: $zipcode
            }
            phone: $phone
            website: $website
            company: {
                name: $companyName
            }
        }
    ){
        id
        name
        username
        email
    }
}
15:15:04.547 [print] {
  "name": "Patricia Lebsack",
  "username": "Karianne",
  "email": "Julianne.OConner@kory.org",
  "street": "Hoeger Mall",
  "city": "South Elvis",
  "zipcode": "53919-4257",
  "phone": "493-170-9623 x156",
  "website": "kale.biz",
  "companyName": "Robel-Corkery"
}

15:15:06.629 [print] {
  "data": {
    "createUser": {
      "name": "Patricia Lebsack",
      "id": "11",
      "email": "Julianne.OConner@kory.org",
      "username": "Karianne"
    }
  }
}

