15:15:04.544 [print] query users(
    $limit: Int
){
    users(
        options: {
            paginate: {
                limit: $limit
            }
        }
    ){
        data{
            id
            name
            username
            email
            address{
                street
                city
                zipcode
            }
            phone
            website
            company{
                name
            }
        }
    }
}
15:15:04.547 [print] {
  "limit": 3
}

15:15:07.187 [print] {
  "data": {
    "users": {
      "data": [
        {
          "website": "hildegard.org",
          "address": {
            "zipcode": "92998-3874",
            "city": "Gwenborough",
            "street": "Kulas Light"
          },
          "phone": "1-770-736-8031 x56442",
          "name": "Leanne Graham",
          "company": {
            "name": "Romaguera-Crona"
          },
          "id": "1",
          "email": "Sincere@april.biz",
          "username": "Bret"
        },
        {
          "website": "anastasia.net",
          "address": {
            "zipcode": "90566-7771",
            "city": "Wisokyburgh",
            "street": "Victor Plains"
          },
          "phone": "010-692-6593 x09125",
          "name": "Ervin Howell",
          "company": {
            "name": "Deckow-Crist"
          },
          "id": "2",
          "email": "Shanna@melissa.tv",
          "username": "Antonette"
        },
        {
          "website": "ramiro.info",
          "address": {
            "zipcode": "59590-4157",
            "city": "McKenziehaven",
            "street": "Douglas Extension"
          },
          "phone": "1-463-123-4447",
          "name": "Clementine Bauch",
          "company": {
            "name": "Romaguera-Jacobson"
          },
          "id": "3",
          "email": "Nathan@yesenia.net",
          "username": "Samantha"
        }
      ]
    }
  }
}

